<?xml version="1.0" encoding="UTF-8"?><testsuite errors="0" failures="0" name="io.cucumber.core.plugin.JUnitFormatter" skipped="0" tests="1" time="58.049">
<testcase classname="LOGIN" name="Verify User is able to open into Metlife Portal" time="53.988">
<system-out><![CDATA[Given "User" is able to open successfully Homepage for testcase "<TcNo>"....passed
Then User is on "Find Dentist" Page for testCase "<TcNo>"...................passed
]]></system-out>
</testcase>
</testsuite>
